The target system is: NintendoSwitch - 1 - aarch64
The host system is: Linux - 5.15.0-124-lowlatency - x86_64
Compiling the C compiler identification source file "CMakeCCompilerId.c" succeeded.
Compiler: /opt/devkitpro/devkitA64/bin/aarch64-none-elf-gcc 
Build flags: 
Id flags:  

The output was:
0


Compilation of the C compiler identification source "CMakeCCompilerId.c" produced "a.out"

The C compiler identification is GNU, found in "/home/ev/ClangProjects/vita2hos_/CMakeFiles/3.22.1/CompilerIdC/a.out"

Compiling the CXX compiler identification source file "CMakeCXXCompilerId.cpp" succeeded.
Compiler: /opt/devkitpro/devkitA64/bin/aarch64-none-elf-g++ 
Build flags: 
Id flags:  

The output was:
0


Compilation of the CXX compiler identification source "CMakeCXXCompilerId.cpp" produced "a.out"

The CXX compiler identification is GNU, found in "/home/ev/ClangProjects/vita2hos_/CMakeFiles/3.22.1/CompilerIdCXX/a.out"

Detecting C compiler ABI info compiled with the following output:
Change Dir: /home/ev/ClangProjects/vita2hos_/CMakeFiles/CMakeTmp

Run Build Command(s):/usr/bin/gmake -f Makefile cmTC_d0a8d/fast && /usr/bin/gmake  -f CMakeFiles/cmTC_d0a8d.dir/build.make CMakeFiles/cmTC_d0a8d.dir/build
gmake[1]: Entering directory '/home/ev/ClangProjects/vita2hos_/CMakeFiles/CMakeTmp'
Building C object CMakeFiles/cmTC_d0a8d.dir/CMakeCCompilerABI.o
/opt/devkitpro/devkitA64/bin/aarch64-none-elf-gcc  -isystem /opt/devkitpro/libnx/include -march=armv8-a+crc+crypto -mtune=cortex-a57 -mtp=soft -ftls-model=local-exec -ffunction-sections -fdata-sections -D__SWITCH__  -g -O2 -DNDEBUG -fPIE   -v -o CMakeFiles/cmTC_d0a8d.dir/CMakeCCompilerABI.o -c /usr/share/cmake-3.22/Modules/CMakeCCompilerABI.c
Using built-in specs.
COLLECT_GCC=/opt/devkitpro/devkitA64/bin/aarch64-none-elf-gcc
Target: aarch64-none-elf
Configured with: ../../gcc-14.2.0/configure --enable-languages=c,c++,objc,lto --with-gnu-as --with-gnu-ld --with-gcc --with-march=armv8 --enable-cxx-flags=-ffunction-sections --disable-libstdcxx-verbose --enable-poison-system-directories --enable-multilib --enable-threads --disable-win32-registry --disable-nls --disable-debug --disable-libmudflap --disable-libssp --disable-libgomp --disable-libstdcxx-pch --enable-libstdcxx-time --enable-libstdcxx-filesystem-ts --target=aarch64-none-elf --with-newlib=yes --with-headers=../../newlib-4.4.0.20231231/newlib/libc/include --prefix=/home/davem/projects/devkitpro/tool-packages/devkitA64/src/build/x86_64-linux-gnu/devkitA64 --enable-lto --disable-tm-clone-registry --disable-__cxa_atexit --with-bugurl=https://github.com/devkitPro/buildscripts/issues --with-pkgversion='devkitA64 release 27' --build=x86_64-unknown-linux-gnu --host=x86_64-unknown-linux-gnu --with-gmp= --with-mpfr= --with-mpc= --with-isl= --with-zstd= --with-gmp=/opt/devkitpro/crosstools/x86_64-linux-gnu --with-mpfr=/opt/devkitpro/crosstools/x86_64-linux-gnu --with-mpc=/opt/devkitpro/crosstools/x86_64-linux-gnu --with-isl=/opt/devkitpro/crosstools/x86_64-linux-gnu --with-zstd=/opt/devkitpro/crosstools/x86_64-linux-gnu
Thread model: posix
Supported LTO compression algorithms: zlib zstd
gcc version 14.2.0 (devkitA64 release 27) 
COLLECT_GCC_OPTIONS='-isystem' '/opt/devkitpro/libnx/include' '-march=armv8-a+crc+crypto' '-mtune=cortex-a57' '-mtp=soft' '-ftls-model=local-exec' '-ffunction-sections' '-fdata-sections' '-D' '__SWITCH__' '-g' '-O2' '-D' 'NDEBUG' '-fPIE' '-v' '-o' 'CMakeFiles/cmTC_d0a8d.dir/CMakeCCompilerABI.o' '-c' '-mlittle-endian' '-mabi=lp64' '-dumpdir' 'CMakeFiles/cmTC_d0a8d.dir/'
 /opt/devkitpro/devkitA64/bin/../libexec/gcc/aarch64-none-elf/14.2.0/cc1 -quiet -v -imultilib pic -iprefix /opt/devkitpro/devkitA64/bin/../lib/gcc/aarch64-none-elf/14.2.0/ -D __SWITCH__ -D NDEBUG -isystem /opt/devkitpro/libnx/include /usr/share/cmake-3.22/Modules/CMakeCCompilerABI.c -quiet -dumpdir CMakeFiles/cmTC_d0a8d.dir/ -dumpbase CMakeCCompilerABI.c -dumpbase-ext .c -march=armv8-a+crc+crypto -mtune=cortex-a57 -mtp=soft -mlittle-endian -mabi=lp64 -g -O2 -version -ftls-model=local-exec -ffunction-sections -fdata-sections -fPIE -o /tmp/ccL6sjsy.s
GNU C17 (devkitA64 release 27) version 14.2.0 (aarch64-none-elf)
	compiled by GNU C version 10.2.1 20210110, GMP version 6.2.1, MPFR version 4.1.0, MPC version 1.2.1, isl version isl-0.18-GMP

GGC heuristics: --param ggc-min-expand=100 --param ggc-min-heapsize=131072
ignoring nonexistent directory "/opt/devkitpro/devkitA64/bin/../lib/gcc/aarch64-none-elf/14.2.0/../../../../aarch64-none-elf/sys-include"
ignoring duplicate directory "/opt/devkitpro/devkitA64/bin/../lib/gcc/../../lib/gcc/aarch64-none-elf/14.2.0/include"
ignoring duplicate directory "/opt/devkitpro/devkitA64/bin/../lib/gcc/../../lib/gcc/aarch64-none-elf/14.2.0/include-fixed"
ignoring nonexistent directory "/opt/devkitpro/devkitA64/bin/../lib/gcc/../../lib/gcc/aarch64-none-elf/14.2.0/../../../../aarch64-none-elf/sys-include"
ignoring duplicate directory "/opt/devkitpro/devkitA64/bin/../lib/gcc/../../lib/gcc/aarch64-none-elf/14.2.0/../../../../aarch64-none-elf/include"
#include "..." search starts here:
#include <...> search starts here:
 /opt/devkitpro/libnx/include
 /opt/devkitpro/devkitA64/bin/../lib/gcc/aarch64-none-elf/14.2.0/include
 /opt/devkitpro/devkitA64/bin/../lib/gcc/aarch64-none-elf/14.2.0/include-fixed
 /opt/devkitpro/devkitA64/bin/../lib/gcc/aarch64-none-elf/14.2.0/../../../../aarch64-none-elf/include
End of search list.
Compiler executable checksum: 440149c145057efe8a715401a7e19303
COLLECT_GCC_OPTIONS='-isystem' '/opt/devkitpro/libnx/include' '-march=armv8-a+crc+crypto' '-mtune=cortex-a57' '-mtp=soft' '-ftls-model=local-exec' '-ffunction-sections' '-fdata-sections' '-D' '__SWITCH__' '-g' '-O2' '-D' 'NDEBUG' '-fPIE' '-v' '-o' 'CMakeFiles/cmTC_d0a8d.dir/CMakeCCompilerABI.o' '-c' '-mlittle-endian' '-mabi=lp64' '-dumpdir' 'CMakeFiles/cmTC_d0a8d.dir/'
 /opt/devkitpro/devkitA64/bin/../lib/gcc/aarch64-none-elf/14.2.0/../../../../aarch64-none-elf/bin/as -v --gdwarf-5 -EL -march=armv8-a+crc+crypto -mabi=lp64 -o CMakeFiles/cmTC_d0a8d.dir/CMakeCCompilerABI.o /tmp/ccL6sjsy.s
GNU assembler version 2.43.1 (aarch64-none-elf) using BFD version (GNU Binutils) 2.43.1
COMPILER_PATH=/opt/devkitpro/devkitA64/bin/../libexec/gcc/aarch64-none-elf/14.2.0/:/opt/devkitpro/devkitA64/bin/../libexec/gcc/:/opt/devkitpro/devkitA64/bin/../lib/gcc/aarch64-none-elf/14.2.0/../../../../aarch64-none-elf/bin/
LIBRARY_PATH=/opt/devkitpro/devkitA64/bin/../lib/gcc/aarch64-none-elf/14.2.0/pic/:/opt/devkitpro/devkitA64/bin/../lib/gcc/aarch64-none-elf/14.2.0/../../../../aarch64-none-elf/lib/pic/:/opt/devkitpro/devkitA64/bin/../lib/gcc/aarch64-none-elf/14.2.0/:/opt/devkitpro/devkitA64/bin/../lib/gcc/:/opt/devkitpro/devkitA64/bin/../lib/gcc/aarch64-none-elf/14.2.0/../../../../aarch64-none-elf/lib/
COLLECT_GCC_OPTIONS='-isystem' '/opt/devkitpro/libnx/include' '-march=armv8-a+crc+crypto' '-mtune=cortex-a57' '-mtp=soft' '-ftls-model=local-exec' '-ffunction-sections' '-fdata-sections' '-D' '__SWITCH__' '-g' '-O2' '-D' 'NDEBUG' '-fPIE' '-v' '-o' 'CMakeFiles/cmTC_d0a8d.dir/CMakeCCompilerABI.o' '-c' '-mlittle-endian' '-mabi=lp64' '-dumpdir' 'CMakeFiles/cmTC_d0a8d.dir/CMakeCCompilerABI.'
Linking C executable cmTC_d0a8d.elf
/usr/bin/cmake -E cmake_link_script CMakeFiles/cmTC_d0a8d.dir/link.txt --verbose=1
/opt/devkitpro/devkitA64/bin/aarch64-none-elf-gcc -march=armv8-a+crc+crypto -mtune=cortex-a57 -mtp=soft -ftls-model=local-exec -ffunction-sections -fdata-sections -D__SWITCH__  -g -O2 -DNDEBUG -march=armv8-a+crc+crypto -mtune=cortex-a57 -mtp=soft -ftls-model=local-exec -L/opt/devkitpro/libnx/lib -L/opt/devkitpro/portlibs/switch/lib -fPIE -specs=/opt/devkitpro/libnx/switch.specs -v CMakeFiles/cmTC_d0a8d.dir/CMakeCCompilerABI.o -o cmTC_d0a8d.elf  -lnx -lm 
Using built-in specs.
Reading specs from /opt/devkitpro/libnx/switch.specs
COLLECT_GCC=/opt/devkitpro/devkitA64/bin/aarch64-none-elf-gcc
COLLECT_LTO_WRAPPER=/opt/devkitpro/devkitA64/bin/../libexec/gcc/aarch64-none-elf/14.2.0/lto-wrapper
Target: aarch64-none-elf
Configured with: ../../gcc-14.2.0/configure --enable-languages=c,c++,objc,lto --with-gnu-as --with-gnu-ld --with-gcc --with-march=armv8 --enable-cxx-flags=-ffunction-sections --disable-libstdcxx-verbose --enable-poison-system-directories --enable-multilib --enable-threads --disable-win32-registry --disable-nls --disable-debug --disable-libmudflap --disable-libssp --disable-libgomp --disable-libstdcxx-pch --enable-libstdcxx-time --enable-libstdcxx-filesystem-ts --target=aarch64-none-elf --with-newlib=yes --with-headers=../../newlib-4.4.0.20231231/newlib/libc/include --prefix=/home/davem/projects/devkitpro/tool-packages/devkitA64/src/build/x86_64-linux-gnu/devkitA64 --enable-lto --disable-tm-clone-registry --disable-__cxa_atexit --with-bugurl=https://github.com/devkitPro/buildscripts/issues --with-pkgversion='devkitA64 release 27' --build=x86_64-unknown-linux-gnu --host=x86_64-unknown-linux-gnu --with-gmp= --with-mpfr= --with-mpc= --with-isl= --with-zstd= --with-gmp=/opt/devkitpro/crosstools/x86_64-linux-gnu --with-mpfr=/opt/devkitpro/crosstools/x86_64-linux-gnu --with-mpc=/opt/devkitpro/crosstools/x86_64-linux-gnu --with-isl=/opt/devkitpro/crosstools/x86_64-linux-gnu --with-zstd=/opt/devkitpro/crosstools/x86_64-linux-gnu
Thread model: posix
Supported LTO compression algorithms: zlib zstd
gcc version 14.2.0 (devkitA64 release 27) 
COMPILER_PATH=/opt/devkitpro/devkitA64/bin/../libexec/gcc/aarch64-none-elf/14.2.0/:/opt/devkitpro/devkitA64/bin/../libexec/gcc/:/opt/devkitpro/devkitA64/bin/../lib/gcc/aarch64-none-elf/14.2.0/../../../../aarch64-none-elf/bin/
LIBRARY_PATH=/opt/devkitpro/devkitA64/bin/../lib/gcc/aarch64-none-elf/14.2.0/pic/:/opt/devkitpro/devkitA64/bin/../lib/gcc/aarch64-none-elf/14.2.0/../../../../aarch64-none-elf/lib/pic/:/opt/devkitpro/devkitA64/bin/../lib/gcc/aarch64-none-elf/14.2.0/:/opt/devkitpro/devkitA64/bin/../lib/gcc/:/opt/devkitpro/devkitA64/bin/../lib/gcc/aarch64-none-elf/14.2.0/../../../../aarch64-none-elf/lib/
COLLECT_GCC_OPTIONS='-mtp=soft' '-ftls-model=local-exec' '-ffunction-sections' '-fdata-sections' '-D' '__SWITCH__' '-g' '-O2' '-D' 'NDEBUG' '-march=armv8-a+crc+crypto' '-mtune=cortex-a57' '-mtp=soft' '-ftls-model=local-exec' '-L/opt/devkitpro/libnx/lib' '-L/opt/devkitpro/portlibs/switch/lib' '-fPIE' '-specs=/opt/devkitpro/libnx/switch.specs' '-v' '-o' 'cmTC_d0a8d.elf' '-mlittle-endian' '-mabi=lp64' '-dumpdir' 'cmTC_d0a8d.elf.'
 /opt/devkitpro/devkitA64/bin/../libexec/gcc/aarch64-none-elf/14.2.0/collect2 -plugin /opt/devkitpro/devkitA64/bin/../libexec/gcc/aarch64-none-elf/14.2.0/liblto_plugin.so -plugin-opt=/opt/devkitpro/devkitA64/bin/../libexec/gcc/aarch64-none-elf/14.2.0/lto-wrapper -plugin-opt=-fresolution=/tmp/ccvaGmqM.res -plugin-opt=-pass-through=-lgcc -plugin-opt=-pass-through=-lg -plugin-opt=-pass-through=-lc -plugin-opt=-pass-through=-lsysbase -EL -X -maarch64elf -T /opt/devkitpro/libnx/switch.ld -pie --no-dynamic-linker --spare-dynamic-tags=0 --gc-sections -z text -z now -z nodynamic-undefined-weak -z pack-relative-relocs --build-id=sha1 --nx-module-name -o cmTC_d0a8d.elf /opt/devkitpro/devkitA64/bin/../lib/gcc/aarch64-none-elf/14.2.0/pic/crti.o /opt/devkitpro/devkitA64/bin/../lib/gcc/aarch64-none-elf/14.2.0/pic/crtbegin.o --require-defined=main -L/opt/devkitpro/libnx/lib -L/opt/devkitpro/portlibs/switch/lib -L/opt/devkitpro/devkitA64/bin/../lib/gcc/aarch64-none-elf/14.2.0/pic -L/opt/devkitpro/devkitA64/bin/../lib/gcc/aarch64-none-elf/14.2.0/../../../../aarch64-none-elf/lib/pic -L/opt/devkitpro/devkitA64/bin/../lib/gcc/aarch64-none-elf/14.2.0 -L/opt/devkitpro/devkitA64/bin/../lib/gcc -L/opt/devkitpro/devkitA64/bin/../lib/gcc/aarch64-none-elf/14.2.0/../../../../aarch64-none-elf/lib CMakeFiles/cmTC_d0a8d.dir/CMakeCCompilerABI.o -lnx -lm --start-group -lgcc -lg -lc -lsysbase --end-group /opt/devkitpro/devkitA64/bin/../lib/gcc/aarch64-none-elf/14.2.0/pic/crtend.o /opt/devkitpro/devkitA64/bin/../lib/gcc/aarch64-none-elf/14.2.0/pic/crtn.o
COLLECT_GCC_OPTIONS='-mtp=soft' '-ftls-model=local-exec' '-ffunction-sections' '-fdata-sections' '-D' '__SWITCH__' '-g' '-O2' '-D' 'NDEBUG' '-march=armv8-a+crc+crypto' '-mtune=cortex-a57' '-mtp=soft' '-ftls-model=local-exec' '-L/opt/devkitpro/libnx/lib' '-L/opt/devkitpro/portlibs/switch/lib' '-fPIE' '-specs=/opt/devkitpro/libnx/switch.specs' '-v' '-o' 'cmTC_d0a8d.elf' '-mlittle-endian' '-mabi=lp64' '-dumpdir' 'cmTC_d0a8d.elf.'
gmake[1]: Leaving directory '/home/ev/ClangProjects/vita2hos_/CMakeFiles/CMakeTmp'



Parsed C implicit include dir info from above output: rv=done
  found start of include info
  found start of implicit include info
    add: [/opt/devkitpro/libnx/include]
    add: [/opt/devkitpro/devkitA64/bin/../lib/gcc/aarch64-none-elf/14.2.0/include]
    add: [/opt/devkitpro/devkitA64/bin/../lib/gcc/aarch64-none-elf/14.2.0/include-fixed]
    add: [/opt/devkitpro/devkitA64/bin/../lib/gcc/aarch64-none-elf/14.2.0/../../../../aarch64-none-elf/include]
  end of search list found
  collapse include dir [/opt/devkitpro/libnx/include] ==> [/opt/devkitpro/libnx/include]
  collapse include dir [/opt/devkitpro/devkitA64/bin/../lib/gcc/aarch64-none-elf/14.2.0/include] ==> [/opt/devkitpro/devkitA64/lib/gcc/aarch64-none-elf/14.2.0/include]
  collapse include dir [/opt/devkitpro/devkitA64/bin/../lib/gcc/aarch64-none-elf/14.2.0/include-fixed] ==> [/opt/devkitpro/devkitA64/lib/gcc/aarch64-none-elf/14.2.0/include-fixed]
  collapse include dir [/opt/devkitpro/devkitA64/bin/../lib/gcc/aarch64-none-elf/14.2.0/../../../../aarch64-none-elf/include] ==> [/opt/devkitpro/devkitA64/aarch64-none-elf/include]
  implicit include dirs: [/opt/devkitpro/libnx/include;/opt/devkitpro/devkitA64/lib/gcc/aarch64-none-elf/14.2.0/include;/opt/devkitpro/devkitA64/lib/gcc/aarch64-none-elf/14.2.0/include-fixed;/opt/devkitpro/devkitA64/aarch64-none-elf/include]


Parsed C implicit link information from above output:
  link line regex: [^( *|.*[/\])(aarch64-none-elf-ld|CMAKE_LINK_STARTFILE-NOTFOUND|([^/\]+-)?ld|collect2)[^/\]*( |$)]
  ignore line: [Change Dir: /home/ev/ClangProjects/vita2hos_/CMakeFiles/CMakeTmp]
  ignore line: []
  ignore line: [Run Build Command(s):/usr/bin/gmake -f Makefile cmTC_d0a8d/fast && /usr/bin/gmake  -f CMakeFiles/cmTC_d0a8d.dir/build.make CMakeFiles/cmTC_d0a8d.dir/build]
  ignore line: [gmake[1]: Entering directory '/home/ev/ClangProjects/vita2hos_/CMakeFiles/CMakeTmp']
  ignore line: [Building C object CMakeFiles/cmTC_d0a8d.dir/CMakeCCompilerABI.o]
  ignore line: [/opt/devkitpro/devkitA64/bin/aarch64-none-elf-gcc  -isystem /opt/devkitpro/libnx/include -march=armv8-a+crc+crypto -mtune=cortex-a57 -mtp=soft -ftls-model=local-exec -ffunction-sections -fdata-sections -D__SWITCH__  -g -O2 -DNDEBUG -fPIE   -v -o CMakeFiles/cmTC_d0a8d.dir/CMakeCCompilerABI.o -c /usr/share/cmake-3.22/Modules/CMakeCCompilerABI.c]
  ignore line: [Using built-in specs.]
  ignore line: [COLLECT_GCC=/opt/devkitpro/devkitA64/bin/aarch64-none-elf-gcc]
  ignore line: [Target: aarch64-none-elf]
  ignore line: [Configured with: ../../gcc-14.2.0/configure --enable-languages=c,c++,objc,lto --with-gnu-as --with-gnu-ld --with-gcc --with-march=armv8 --enable-cxx-flags=-ffunction-sections --disable-libstdcxx-verbose --enable-poison-system-directories --enable-multilib --enable-threads --disable-win32-registry --disable-nls --disable-debug --disable-libmudflap --disable-libssp --disable-libgomp --disable-libstdcxx-pch --enable-libstdcxx-time --enable-libstdcxx-filesystem-ts --target=aarch64-none-elf --with-newlib=yes --with-headers=../../newlib-4.4.0.20231231/newlib/libc/include --prefix=/home/davem/projects/devkitpro/tool-packages/devkitA64/src/build/x86_64-linux-gnu/devkitA64 --enable-lto --disable-tm-clone-registry --disable-__cxa_atexit --with-bugurl=https://github.com/devkitPro/buildscripts/issues --with-pkgversion='devkitA64 release 27' --build=x86_64-unknown-linux-gnu --host=x86_64-unknown-linux-gnu --with-gmp= --with-mpfr= --with-mpc= --with-isl= --with-zstd= --with-gmp=/opt/devkitpro/crosstools/x86_64-linux-gnu --with-mpfr=/opt/devkitpro/crosstools/x86_64-linux-gnu --with-mpc=/opt/devkitpro/crosstools/x86_64-linux-gnu --with-isl=/opt/devkitpro/crosstools/x86_64-linux-gnu --with-zstd=/opt/devkitpro/crosstools/x86_64-linux-gnu]
  ignore line: [Thread model: posix]
  ignore line: [Supported LTO compression algorithms: zlib zstd]
  ignore line: [gcc version 14.2.0 (devkitA64 release 27) ]
  ignore line: [COLLECT_GCC_OPTIONS='-isystem' '/opt/devkitpro/libnx/include' '-march=armv8-a+crc+crypto' '-mtune=cortex-a57' '-mtp=soft' '-ftls-model=local-exec' '-ffunction-sections' '-fdata-sections' '-D' '__SWITCH__' '-g' '-O2' '-D' 'NDEBUG' '-fPIE' '-v' '-o' 'CMakeFiles/cmTC_d0a8d.dir/CMakeCCompilerABI.o' '-c' '-mlittle-endian' '-mabi=lp64' '-dumpdir' 'CMakeFiles/cmTC_d0a8d.dir/']
  ignore line: [ /opt/devkitpro/devkitA64/bin/../libexec/gcc/aarch64-none-elf/14.2.0/cc1 -quiet -v -imultilib pic -iprefix /opt/devkitpro/devkitA64/bin/../lib/gcc/aarch64-none-elf/14.2.0/ -D __SWITCH__ -D NDEBUG -isystem /opt/devkitpro/libnx/include /usr/share/cmake-3.22/Modules/CMakeCCompilerABI.c -quiet -dumpdir CMakeFiles/cmTC_d0a8d.dir/ -dumpbase CMakeCCompilerABI.c -dumpbase-ext .c -march=armv8-a+crc+crypto -mtune=cortex-a57 -mtp=soft -mlittle-endian -mabi=lp64 -g -O2 -version -ftls-model=local-exec -ffunction-sections -fdata-sections -fPIE -o /tmp/ccL6sjsy.s]
  ignore line: [GNU C17 (devkitA64 release 27) version 14.2.0 (aarch64-none-elf)]
  ignore line: [	compiled by GNU C version 10.2.1 20210110  GMP version 6.2.1  MPFR version 4.1.0  MPC version 1.2.1  isl version isl-0.18-GMP]
  ignore line: []
  ignore line: [GGC heuristics: --param ggc-min-expand=100 --param ggc-min-heapsize=131072]
  ignore line: [ignoring nonexistent directory "/opt/devkitpro/devkitA64/bin/../lib/gcc/aarch64-none-elf/14.2.0/../../../../aarch64-none-elf/sys-include"]
  ignore line: [ignoring duplicate directory "/opt/devkitpro/devkitA64/bin/../lib/gcc/../../lib/gcc/aarch64-none-elf/14.2.0/include"]
  ignore line: [ignoring duplicate directory "/opt/devkitpro/devkitA64/bin/../lib/gcc/../../lib/gcc/aarch64-none-elf/14.2.0/include-fixed"]
  ignore line: [ignoring nonexistent directory "/opt/devkitpro/devkitA64/bin/../lib/gcc/../../lib/gcc/aarch64-none-elf/14.2.0/../../../../aarch64-none-elf/sys-include"]
  ignore line: [ignoring duplicate directory "/opt/devkitpro/devkitA64/bin/../lib/gcc/../../lib/gcc/aarch64-none-elf/14.2.0/../../../../aarch64-none-elf/include"]
  ignore line: [#include "..." search starts here:]
  ignore line: [#include <...> search starts here:]
  ignore line: [ /opt/devkitpro/libnx/include]
  ignore line: [ /opt/devkitpro/devkitA64/bin/../lib/gcc/aarch64-none-elf/14.2.0/include]
  ignore line: [ /opt/devkitpro/devkitA64/bin/../lib/gcc/aarch64-none-elf/14.2.0/include-fixed]
  ignore line: [ /opt/devkitpro/devkitA64/bin/../lib/gcc/aarch64-none-elf/14.2.0/../../../../aarch64-none-elf/include]
  ignore line: [End of search list.]
  ignore line: [Compiler executable checksum: 440149c145057efe8a715401a7e19303]
  ignore line: [COLLECT_GCC_OPTIONS='-isystem' '/opt/devkitpro/libnx/include' '-march=armv8-a+crc+crypto' '-mtune=cortex-a57' '-mtp=soft' '-ftls-model=local-exec' '-ffunction-sections' '-fdata-sections' '-D' '__SWITCH__' '-g' '-O2' '-D' 'NDEBUG' '-fPIE' '-v' '-o' 'CMakeFiles/cmTC_d0a8d.dir/CMakeCCompilerABI.o' '-c' '-mlittle-endian' '-mabi=lp64' '-dumpdir' 'CMakeFiles/cmTC_d0a8d.dir/']
  ignore line: [ /opt/devkitpro/devkitA64/bin/../lib/gcc/aarch64-none-elf/14.2.0/../../../../aarch64-none-elf/bin/as -v --gdwarf-5 -EL -march=armv8-a+crc+crypto -mabi=lp64 -o CMakeFiles/cmTC_d0a8d.dir/CMakeCCompilerABI.o /tmp/ccL6sjsy.s]
  ignore line: [GNU assembler version 2.43.1 (aarch64-none-elf) using BFD version (GNU Binutils) 2.43.1]
  ignore line: [COMPILER_PATH=/opt/devkitpro/devkitA64/bin/../libexec/gcc/aarch64-none-elf/14.2.0/:/opt/devkitpro/devkitA64/bin/../libexec/gcc/:/opt/devkitpro/devkitA64/bin/../lib/gcc/aarch64-none-elf/14.2.0/../../../../aarch64-none-elf/bin/]
  ignore line: [LIBRARY_PATH=/opt/devkitpro/devkitA64/bin/../lib/gcc/aarch64-none-elf/14.2.0/pic/:/opt/devkitpro/devkitA64/bin/../lib/gcc/aarch64-none-elf/14.2.0/../../../../aarch64-none-elf/lib/pic/:/opt/devkitpro/devkitA64/bin/../lib/gcc/aarch64-none-elf/14.2.0/:/opt/devkitpro/devkitA64/bin/../lib/gcc/:/opt/devkitpro/devkitA64/bin/../lib/gcc/aarch64-none-elf/14.2.0/../../../../aarch64-none-elf/lib/]
  ignore line: [COLLECT_GCC_OPTIONS='-isystem' '/opt/devkitpro/libnx/include' '-march=armv8-a+crc+crypto' '-mtune=cortex-a57' '-mtp=soft' '-ftls-model=local-exec' '-ffunction-sections' '-fdata-sections' '-D' '__SWITCH__' '-g' '-O2' '-D' 'NDEBUG' '-fPIE' '-v' '-o' 'CMakeFiles/cmTC_d0a8d.dir/CMakeCCompilerABI.o' '-c' '-mlittle-endian' '-mabi=lp64' '-dumpdir' 'CMakeFiles/cmTC_d0a8d.dir/CMakeCCompilerABI.']
  ignore line: [Linking C executable cmTC_d0a8d.elf]
  ignore line: [/usr/bin/cmake -E cmake_link_script CMakeFiles/cmTC_d0a8d.dir/link.txt --verbose=1]
  ignore line: [/opt/devkitpro/devkitA64/bin/aarch64-none-elf-gcc -march=armv8-a+crc+crypto -mtune=cortex-a57 -mtp=soft -ftls-model=local-exec -ffunction-sections -fdata-sections -D__SWITCH__  -g -O2 -DNDEBUG -march=armv8-a+crc+crypto -mtune=cortex-a57 -mtp=soft -ftls-model=local-exec -L/opt/devkitpro/libnx/lib -L/opt/devkitpro/portlibs/switch/lib -fPIE -specs=/opt/devkitpro/libnx/switch.specs -v CMakeFiles/cmTC_d0a8d.dir/CMakeCCompilerABI.o -o cmTC_d0a8d.elf  -lnx -lm ]
  ignore line: [Using built-in specs.]
  ignore line: [Reading specs from /opt/devkitpro/libnx/switch.specs]
  ignore line: [COLLECT_GCC=/opt/devkitpro/devkitA64/bin/aarch64-none-elf-gcc]
  ignore line: [COLLECT_LTO_WRAPPER=/opt/devkitpro/devkitA64/bin/../libexec/gcc/aarch64-none-elf/14.2.0/lto-wrapper]
  ignore line: [Target: aarch64-none-elf]
  ignore line: [Configured with: ../../gcc-14.2.0/configure --enable-languages=c,c++,objc,lto --with-gnu-as --with-gnu-ld --with-gcc --with-march=armv8 --enable-cxx-flags=-ffunction-sections --disable-libstdcxx-verbose --enable-poison-system-directories --enable-multilib --enable-threads --disable-win32-registry --disable-nls --disable-debug --disable-libmudflap --disable-libssp --disable-libgomp --disable-libstdcxx-pch --enable-libstdcxx-time --enable-libstdcxx-filesystem-ts --target=aarch64-none-elf --with-newlib=yes --with-headers=../../newlib-4.4.0.20231231/newlib/libc/include --prefix=/home/davem/projects/devkitpro/tool-packages/devkitA64/src/build/x86_64-linux-gnu/devkitA64 --enable-lto --disable-tm-clone-registry --disable-__cxa_atexit --with-bugurl=https://github.com/devkitPro/buildscripts/issues --with-pkgversion='devkitA64 release 27' --build=x86_64-unknown-linux-gnu --host=x86_64-unknown-linux-gnu --with-gmp= --with-mpfr= --with-mpc= --with-isl= --with-zstd= --with-gmp=/opt/devkitpro/crosstools/x86_64-linux-gnu --with-mpfr=/opt/devkitpro/crosstools/x86_64-linux-gnu --with-mpc=/opt/devkitpro/crosstools/x86_64-linux-gnu --with-isl=/opt/devkitpro/crosstools/x86_64-linux-gnu --with-zstd=/opt/devkitpro/crosstools/x86_64-linux-gnu]
  ignore line: [Thread model: posix]
  ignore line: [Supported LTO compression algorithms: zlib zstd]
  ignore line: [gcc version 14.2.0 (devkitA64 release 27) ]
  ignore line: [COMPILER_PATH=/opt/devkitpro/devkitA64/bin/../libexec/gcc/aarch64-none-elf/14.2.0/:/opt/devkitpro/devkitA64/bin/../libexec/gcc/:/opt/devkitpro/devkitA64/bin/../lib/gcc/aarch64-none-elf/14.2.0/../../../../aarch64-none-elf/bin/]
  ignore line: [LIBRARY_PATH=/opt/devkitpro/devkitA64/bin/../lib/gcc/aarch64-none-elf/14.2.0/pic/:/opt/devkitpro/devkitA64/bin/../lib/gcc/aarch64-none-elf/14.2.0/../../../../aarch64-none-elf/lib/pic/:/opt/devkitpro/devkitA64/bin/../lib/gcc/aarch64-none-elf/14.2.0/:/opt/devkitpro/devkitA64/bin/../lib/gcc/:/opt/devkitpro/devkitA64/bin/../lib/gcc/aarch64-none-elf/14.2.0/../../../../aarch64-none-elf/lib/]
  ignore line: [COLLECT_GCC_OPTIONS='-mtp=soft' '-ftls-model=local-exec' '-ffunction-sections' '-fdata-sections' '-D' '__SWITCH__' '-g' '-O2' '-D' 'NDEBUG' '-march=armv8-a+crc+crypto' '-mtune=cortex-a57' '-mtp=soft' '-ftls-model=local-exec' '-L/opt/devkitpro/libnx/lib' '-L/opt/devkitpro/portlibs/switch/lib' '-fPIE' '-specs=/opt/devkitpro/libnx/switch.specs' '-v' '-o' 'cmTC_d0a8d.elf' '-mlittle-endian' '-mabi=lp64' '-dumpdir' 'cmTC_d0a8d.elf.']
  link line: [ /opt/devkitpro/devkitA64/bin/../libexec/gcc/aarch64-none-elf/14.2.0/collect2 -plugin /opt/devkitpro/devkitA64/bin/../libexec/gcc/aarch64-none-elf/14.2.0/liblto_plugin.so -plugin-opt=/opt/devkitpro/devkitA64/bin/../libexec/gcc/aarch64-none-elf/14.2.0/lto-wrapper -plugin-opt=-fresolution=/tmp/ccvaGmqM.res -plugin-opt=-pass-through=-lgcc -plugin-opt=-pass-through=-lg -plugin-opt=-pass-through=-lc -plugin-opt=-pass-through=-lsysbase -EL -X -maarch64elf -T /opt/devkitpro/libnx/switch.ld -pie --no-dynamic-linker --spare-dynamic-tags=0 --gc-sections -z text -z now -z nodynamic-undefined-weak -z pack-relative-relocs --build-id=sha1 --nx-module-name -o cmTC_d0a8d.elf /opt/devkitpro/devkitA64/bin/../lib/gcc/aarch64-none-elf/14.2.0/pic/crti.o /opt/devkitpro/devkitA64/bin/../lib/gcc/aarch64-none-elf/14.2.0/pic/crtbegin.o --require-defined=main -L/opt/devkitpro/libnx/lib -L/opt/devkitpro/portlibs/switch/lib -L/opt/devkitpro/devkitA64/bin/../lib/gcc/aarch64-none-elf/14.2.0/pic -L/opt/devkitpro/devkitA64/bin/../lib/gcc/aarch64-none-elf/14.2.0/../../../../aarch64-none-elf/lib/pic -L/opt/devkitpro/devkitA64/bin/../lib/gcc/aarch64-none-elf/14.2.0 -L/opt/devkitpro/devkitA64/bin/../lib/gcc -L/opt/devkitpro/devkitA64/bin/../lib/gcc/aarch64-none-elf/14.2.0/../../../../aarch64-none-elf/lib CMakeFiles/cmTC_d0a8d.dir/CMakeCCompilerABI.o -lnx -lm --start-group -lgcc -lg -lc -lsysbase --end-group /opt/devkitpro/devkitA64/bin/../lib/gcc/aarch64-none-elf/14.2.0/pic/crtend.o /opt/devkitpro/devkitA64/bin/../lib/gcc/aarch64-none-elf/14.2.0/pic/crtn.o]
    arg [/opt/devkitpro/devkitA64/bin/../libexec/gcc/aarch64-none-elf/14.2.0/collect2] ==> ignore
    arg [-plugin] ==> ignore
    arg [/opt/devkitpro/devkitA64/bin/../libexec/gcc/aarch64-none-elf/14.2.0/liblto_plugin.so] ==> ignore
    arg [-plugin-opt=/opt/devkitpro/devkitA64/bin/../libexec/gcc/aarch64-none-elf/14.2.0/lto-wrapper] ==> ignore
    arg [-plugin-opt=-fresolution=/tmp/ccvaGmqM.res] ==> ignore
    arg [-plugin-opt=-pass-through=-lgcc] ==> ignore
    arg [-plugin-opt=-pass-through=-lg] ==> ignore
    arg [-plugin-opt=-pass-through=-lc] ==> ignore
    arg [-plugin-opt=-pass-through=-lsysbase] ==> ignore
    arg [-EL] ==> ignore
    arg [-X] ==> ignore
    arg [-maarch64elf] ==> ignore
    arg [-T] ==> ignore
    arg [/opt/devkitpro/libnx/switch.ld] ==> ignore
    arg [-pie] ==> ignore
    arg [--no-dynamic-linker] ==> ignore
    arg [--spare-dynamic-tags=0] ==> ignore
    arg [--gc-sections] ==> ignore
    arg [-ztext] ==> ignore
    arg [-znow] ==> ignore
    arg [-znodynamic-undefined-weak] ==> ignore
    arg [-zpack-relative-relocs] ==> ignore
    arg [--build-id=sha1] ==> ignore
    arg [--nx-module-name] ==> ignore
    arg [-o] ==> ignore
    arg [cmTC_d0a8d.elf] ==> ignore
    arg [/opt/devkitpro/devkitA64/bin/../lib/gcc/aarch64-none-elf/14.2.0/pic/crti.o] ==> obj [/opt/devkitpro/devkitA64/bin/../lib/gcc/aarch64-none-elf/14.2.0/pic/crti.o]
    arg [/opt/devkitpro/devkitA64/bin/../lib/gcc/aarch64-none-elf/14.2.0/pic/crtbegin.o] ==> obj [/opt/devkitpro/devkitA64/bin/../lib/gcc/aarch64-none-elf/14.2.0/pic/crtbegin.o]
    arg [--require-defined=main] ==> ignore
    arg [-L/opt/devkitpro/libnx/lib] ==> dir [/opt/devkitpro/libnx/lib]
    arg [-L/opt/devkitpro/portlibs/switch/lib] ==> dir [/opt/devkitpro/portlibs/switch/lib]
    arg [-L/opt/devkitpro/devkitA64/bin/../lib/gcc/aarch64-none-elf/14.2.0/pic] ==> dir [/opt/devkitpro/devkitA64/bin/../lib/gcc/aarch64-none-elf/14.2.0/pic]
    arg [-L/opt/devkitpro/devkitA64/bin/../lib/gcc/aarch64-none-elf/14.2.0/../../../../aarch64-none-elf/lib/pic] ==> dir [/opt/devkitpro/devkitA64/bin/../lib/gcc/aarch64-none-elf/14.2.0/../../../../aarch64-none-elf/lib/pic]
    arg [-L/opt/devkitpro/devkitA64/bin/../lib/gcc/aarch64-none-elf/14.2.0] ==> dir [/opt/devkitpro/devkitA64/bin/../lib/gcc/aarch64-none-elf/14.2.0]
    arg [-L/opt/devkitpro/devkitA64/bin/../lib/gcc] ==> dir [/opt/devkitpro/devkitA64/bin/../lib/gcc]
    arg [-L/opt/devkitpro/devkitA64/bin/../lib/gcc/aarch64-none-elf/14.2.0/../../../../aarch64-none-elf/lib] ==> dir [/opt/devkitpro/devkitA64/bin/../lib/gcc/aarch64-none-elf/14.2.0/../../../../aarch64-none-elf/lib]
    arg [CMakeFiles/cmTC_d0a8d.dir/CMakeCCompilerABI.o] ==> ignore
    arg [-lnx] ==> lib [nx]
    arg [-lm] ==> lib [m]
    arg [--start-group] ==> ignore
    arg [-lgcc] ==> lib [gcc]
    arg [-lg] ==> lib [g]
    arg [-lc] ==> lib [c]
    arg [-lsysbase] ==> lib [sysbase]
    arg [--end-group] ==> ignore
    arg [/opt/devkitpro/devkitA64/bin/../lib/gcc/aarch64-none-elf/14.2.0/pic/crtend.o] ==> obj [/opt/devkitpro/devkitA64/bin/../lib/gcc/aarch64-none-elf/14.2.0/pic/crtend.o]
    arg [/opt/devkitpro/devkitA64/bin/../lib/gcc/aarch64-none-elf/14.2.0/pic/crtn.o] ==> obj [/opt/devkitpro/devkitA64/bin/../lib/gcc/aarch64-none-elf/14.2.0/pic/crtn.o]
  collapse obj [/opt/devkitpro/devkitA64/bin/../lib/gcc/aarch64-none-elf/14.2.0/pic/crti.o] ==> [/opt/devkitpro/devkitA64/lib/gcc/aarch64-none-elf/14.2.0/pic/crti.o]
  collapse obj [/opt/devkitpro/devkitA64/bin/../lib/gcc/aarch64-none-elf/14.2.0/pic/crtbegin.o] ==> [/opt/devkitpro/devkitA64/lib/gcc/aarch64-none-elf/14.2.0/pic/crtbegin.o]
  collapse obj [/opt/devkitpro/devkitA64/bin/../lib/gcc/aarch64-none-elf/14.2.0/pic/crtend.o] ==> [/opt/devkitpro/devkitA64/lib/gcc/aarch64-none-elf/14.2.0/pic/crtend.o]
  collapse obj [/opt/devkitpro/devkitA64/bin/../lib/gcc/aarch64-none-elf/14.2.0/pic/crtn.o] ==> [/opt/devkitpro/devkitA64/lib/gcc/aarch64-none-elf/14.2.0/pic/crtn.o]
  collapse library dir [/opt/devkitpro/libnx/lib] ==> [/opt/devkitpro/libnx/lib]
  collapse library dir [/opt/devkitpro/portlibs/switch/lib] ==> [/opt/devkitpro/portlibs/switch/lib]
  collapse library dir [/opt/devkitpro/devkitA64/bin/../lib/gcc/aarch64-none-elf/14.2.0/pic] ==> [/opt/devkitpro/devkitA64/lib/gcc/aarch64-none-elf/14.2.0/pic]
  collapse library dir [/opt/devkitpro/devkitA64/bin/../lib/gcc/aarch64-none-elf/14.2.0/../../../../aarch64-none-elf/lib/pic] ==> [/opt/devkitpro/devkitA64/aarch64-none-elf/lib/pic]
  collapse library dir [/opt/devkitpro/devkitA64/bin/../lib/gcc/aarch64-none-elf/14.2.0] ==> [/opt/devkitpro/devkitA64/lib/gcc/aarch64-none-elf/14.2.0]
  collapse library dir [/opt/devkitpro/devkitA64/bin/../lib/gcc] ==> [/opt/devkitpro/devkitA64/lib/gcc]
  collapse library dir [/opt/devkitpro/devkitA64/bin/../lib/gcc/aarch64-none-elf/14.2.0/../../../../aarch64-none-elf/lib] ==> [/opt/devkitpro/devkitA64/aarch64-none-elf/lib]
  implicit libs: [nx;m;gcc;g;c;sysbase]
  implicit objs: [/opt/devkitpro/devkitA64/lib/gcc/aarch64-none-elf/14.2.0/pic/crti.o;/opt/devkitpro/devkitA64/lib/gcc/aarch64-none-elf/14.2.0/pic/crtbegin.o;/opt/devkitpro/devkitA64/lib/gcc/aarch64-none-elf/14.2.0/pic/crtend.o;/opt/devkitpro/devkitA64/lib/gcc/aarch64-none-elf/14.2.0/pic/crtn.o]
  implicit dirs: [/opt/devkitpro/libnx/lib;/opt/devkitpro/portlibs/switch/lib;/opt/devkitpro/devkitA64/lib/gcc/aarch64-none-elf/14.2.0/pic;/opt/devkitpro/devkitA64/aarch64-none-elf/lib/pic;/opt/devkitpro/devkitA64/lib/gcc/aarch64-none-elf/14.2.0;/opt/devkitpro/devkitA64/lib/gcc;/opt/devkitpro/devkitA64/aarch64-none-elf/lib]
  implicit fwks: []


Detecting CXX compiler ABI info compiled with the following output:
Change Dir: /home/ev/ClangProjects/vita2hos_/CMakeFiles/CMakeTmp

Run Build Command(s):/usr/bin/gmake -f Makefile cmTC_5ab3e/fast && /usr/bin/gmake  -f CMakeFiles/cmTC_5ab3e.dir/build.make CMakeFiles/cmTC_5ab3e.dir/build
gmake[1]: Entering directory '/home/ev/ClangProjects/vita2hos_/CMakeFiles/CMakeTmp'
Building CXX object CMakeFiles/cmTC_5ab3e.dir/CMakeCXXCompilerABI.o
/opt/devkitpro/devkitA64/bin/aarch64-none-elf-g++  -isystem /opt/devkitpro/libnx/include -march=armv8-a+crc+crypto -mtune=cortex-a57 -mtp=soft -ftls-model=local-exec -ffunction-sections -fdata-sections -D__SWITCH__  -g -O2 -DNDEBUG -fPIE   -v -o CMakeFiles/cmTC_5ab3e.dir/CMakeCXXCompilerABI.o -c /usr/share/cmake-3.22/Modules/CMakeCXXCompilerABI.cpp
Using built-in specs.
COLLECT_GCC=/opt/devkitpro/devkitA64/bin/aarch64-none-elf-g++
Target: aarch64-none-elf
Configured with: ../../gcc-14.2.0/configure --enable-languages=c,c++,objc,lto --with-gnu-as --with-gnu-ld --with-gcc --with-march=armv8 --enable-cxx-flags=-ffunction-sections --disable-libstdcxx-verbose --enable-poison-system-directories --enable-multilib --enable-threads --disable-win32-registry --disable-nls --disable-debug --disable-libmudflap --disable-libssp --disable-libgomp --disable-libstdcxx-pch --enable-libstdcxx-time --enable-libstdcxx-filesystem-ts --target=aarch64-none-elf --with-newlib=yes --with-headers=../../newlib-4.4.0.20231231/newlib/libc/include --prefix=/home/davem/projects/devkitpro/tool-packages/devkitA64/src/build/x86_64-linux-gnu/devkitA64 --enable-lto --disable-tm-clone-registry --disable-__cxa_atexit --with-bugurl=https://github.com/devkitPro/buildscripts/issues --with-pkgversion='devkitA64 release 27' --build=x86_64-unknown-linux-gnu --host=x86_64-unknown-linux-gnu --with-gmp= --with-mpfr= --with-mpc= --with-isl= --with-zstd= --with-gmp=/opt/devkitpro/crosstools/x86_64-linux-gnu --with-mpfr=/opt/devkitpro/crosstools/x86_64-linux-gnu --with-mpc=/opt/devkitpro/crosstools/x86_64-linux-gnu --with-isl=/opt/devkitpro/crosstools/x86_64-linux-gnu --with-zstd=/opt/devkitpro/crosstools/x86_64-linux-gnu
Thread model: posix
Supported LTO compression algorithms: zlib zstd
gcc version 14.2.0 (devkitA64 release 27) 
COLLECT_GCC_OPTIONS='-isystem' '/opt/devkitpro/libnx/include' '-march=armv8-a+crc+crypto' '-mtune=cortex-a57' '-mtp=soft' '-ftls-model=local-exec' '-ffunction-sections' '-fdata-sections' '-D' '__SWITCH__' '-g' '-O2' '-D' 'NDEBUG' '-fPIE' '-v' '-o' 'CMakeFiles/cmTC_5ab3e.dir/CMakeCXXCompilerABI.o' '-c' '-mlittle-endian' '-mabi=lp64' '-dumpdir' 'CMakeFiles/cmTC_5ab3e.dir/'
 /opt/devkitpro/devkitA64/bin/../libexec/gcc/aarch64-none-elf/14.2.0/cc1plus -quiet -v -imultilib pic -iprefix /opt/devkitpro/devkitA64/bin/../lib/gcc/aarch64-none-elf/14.2.0/ -D __SWITCH__ -D NDEBUG -isystem /opt/devkitpro/libnx/include /usr/share/cmake-3.22/Modules/CMakeCXXCompilerABI.cpp -quiet -dumpdir CMakeFiles/cmTC_5ab3e.dir/ -dumpbase CMakeCXXCompilerABI.cpp -dumpbase-ext .cpp -march=armv8-a+crc+crypto -mtune=cortex-a57 -mtp=soft -mlittle-endian -mabi=lp64 -g -O2 -version -ftls-model=local-exec -ffunction-sections -fdata-sections -fPIE -o /tmp/ccuHKeHR.s
GNU C++17 (devkitA64 release 27) version 14.2.0 (aarch64-none-elf)
	compiled by GNU C version 10.2.1 20210110, GMP version 6.2.1, MPFR version 4.1.0, MPC version 1.2.1, isl version isl-0.18-GMP

GGC heuristics: --param ggc-min-expand=100 --param ggc-min-heapsize=131072
ignoring nonexistent directory "/opt/devkitpro/devkitA64/bin/../lib/gcc/aarch64-none-elf/14.2.0/../../../../aarch64-none-elf/sys-include"
ignoring duplicate directory "/opt/devkitpro/devkitA64/bin/../lib/gcc/../../lib/gcc/aarch64-none-elf/14.2.0/../../../../aarch64-none-elf/include/c++/14.2.0"
ignoring duplicate directory "/opt/devkitpro/devkitA64/bin/../lib/gcc/../../lib/gcc/aarch64-none-elf/14.2.0/../../../../aarch64-none-elf/include/c++/14.2.0/aarch64-none-elf/pic"
ignoring duplicate directory "/opt/devkitpro/devkitA64/bin/../lib/gcc/../../lib/gcc/aarch64-none-elf/14.2.0/../../../../aarch64-none-elf/include/c++/14.2.0/backward"
ignoring duplicate directory "/opt/devkitpro/devkitA64/bin/../lib/gcc/../../lib/gcc/aarch64-none-elf/14.2.0/include"
ignoring duplicate directory "/opt/devkitpro/devkitA64/bin/../lib/gcc/../../lib/gcc/aarch64-none-elf/14.2.0/include-fixed"
ignoring nonexistent directory "/opt/devkitpro/devkitA64/bin/../lib/gcc/../../lib/gcc/aarch64-none-elf/14.2.0/../../../../aarch64-none-elf/sys-include"
ignoring duplicate directory "/opt/devkitpro/devkitA64/bin/../lib/gcc/../../lib/gcc/aarch64-none-elf/14.2.0/../../../../aarch64-none-elf/include"
#include "..." search starts here:
#include <...> search starts here:
 /opt/devkitpro/libnx/include
 /opt/devkitpro/devkitA64/bin/../lib/gcc/aarch64-none-elf/14.2.0/../../../../aarch64-none-elf/include/c++/14.2.0
 /opt/devkitpro/devkitA64/bin/../lib/gcc/aarch64-none-elf/14.2.0/../../../../aarch64-none-elf/include/c++/14.2.0/aarch64-none-elf/pic
 /opt/devkitpro/devkitA64/bin/../lib/gcc/aarch64-none-elf/14.2.0/../../../../aarch64-none-elf/include/c++/14.2.0/backward
 /opt/devkitpro/devkitA64/bin/../lib/gcc/aarch64-none-elf/14.2.0/include
 /opt/devkitpro/devkitA64/bin/../lib/gcc/aarch64-none-elf/14.2.0/include-fixed
 /opt/devkitpro/devkitA64/bin/../lib/gcc/aarch64-none-elf/14.2.0/../../../../aarch64-none-elf/include
End of search list.
Compiler executable checksum: 1e409709d5ab0051af54634114dbd999
COLLECT_GCC_OPTIONS='-isystem' '/opt/devkitpro/libnx/include' '-march=armv8-a+crc+crypto' '-mtune=cortex-a57' '-mtp=soft' '-ftls-model=local-exec' '-ffunction-sections' '-fdata-sections' '-D' '__SWITCH__' '-g' '-O2' '-D' 'NDEBUG' '-fPIE' '-v' '-o' 'CMakeFiles/cmTC_5ab3e.dir/CMakeCXXCompilerABI.o' '-c' '-mlittle-endian' '-mabi=lp64' '-dumpdir' 'CMakeFiles/cmTC_5ab3e.dir/'
 /opt/devkitpro/devkitA64/bin/../lib/gcc/aarch64-none-elf/14.2.0/../../../../aarch64-none-elf/bin/as -v --gdwarf-5 -EL -march=armv8-a+crc+crypto -mabi=lp64 -o CMakeFiles/cmTC_5ab3e.dir/CMakeCXXCompilerABI.o /tmp/ccuHKeHR.s
GNU assembler version 2.43.1 (aarch64-none-elf) using BFD version (GNU Binutils) 2.43.1
COMPILER_PATH=/opt/devkitpro/devkitA64/bin/../libexec/gcc/aarch64-none-elf/14.2.0/:/opt/devkitpro/devkitA64/bin/../libexec/gcc/:/opt/devkitpro/devkitA64/bin/../lib/gcc/aarch64-none-elf/14.2.0/../../../../aarch64-none-elf/bin/
LIBRARY_PATH=/opt/devkitpro/devkitA64/bin/../lib/gcc/aarch64-none-elf/14.2.0/pic/:/opt/devkitpro/devkitA64/bin/../lib/gcc/aarch64-none-elf/14.2.0/../../../../aarch64-none-elf/lib/pic/:/opt/devkitpro/devkitA64/bin/../lib/gcc/aarch64-none-elf/14.2.0/:/opt/devkitpro/devkitA64/bin/../lib/gcc/:/opt/devkitpro/devkitA64/bin/../lib/gcc/aarch64-none-elf/14.2.0/../../../../aarch64-none-elf/lib/
COLLECT_GCC_OPTIONS='-isystem' '/opt/devkitpro/libnx/include' '-march=armv8-a+crc+crypto' '-mtune=cortex-a57' '-mtp=soft' '-ftls-model=local-exec' '-ffunction-sections' '-fdata-sections' '-D' '__SWITCH__' '-g' '-O2' '-D' 'NDEBUG' '-fPIE' '-v' '-o' 'CMakeFiles/cmTC_5ab3e.dir/CMakeCXXCompilerABI.o' '-c' '-mlittle-endian' '-mabi=lp64' '-dumpdir' 'CMakeFiles/cmTC_5ab3e.dir/CMakeCXXCompilerABI.'
Linking CXX executable cmTC_5ab3e.elf
/usr/bin/cmake -E cmake_link_script CMakeFiles/cmTC_5ab3e.dir/link.txt --verbose=1
/opt/devkitpro/devkitA64/bin/aarch64-none-elf-g++ -march=armv8-a+crc+crypto -mtune=cortex-a57 -mtp=soft -ftls-model=local-exec -ffunction-sections -fdata-sections -D__SWITCH__  -g -O2 -DNDEBUG -march=armv8-a+crc+crypto -mtune=cortex-a57 -mtp=soft -ftls-model=local-exec -L/opt/devkitpro/libnx/lib -L/opt/devkitpro/portlibs/switch/lib -fPIE -specs=/opt/devkitpro/libnx/switch.specs -v CMakeFiles/cmTC_5ab3e.dir/CMakeCXXCompilerABI.o -o cmTC_5ab3e.elf  -lnx -lm 
Using built-in specs.
Reading specs from /opt/devkitpro/libnx/switch.specs
COLLECT_GCC=/opt/devkitpro/devkitA64/bin/aarch64-none-elf-g++
COLLECT_LTO_WRAPPER=/opt/devkitpro/devkitA64/bin/../libexec/gcc/aarch64-none-elf/14.2.0/lto-wrapper
Target: aarch64-none-elf
Configured with: ../../gcc-14.2.0/configure --enable-languages=c,c++,objc,lto --with-gnu-as --with-gnu-ld --with-gcc --with-march=armv8 --enable-cxx-flags=-ffunction-sections --disable-libstdcxx-verbose --enable-poison-system-directories --enable-multilib --enable-threads --disable-win32-registry --disable-nls --disable-debug --disable-libmudflap --disable-libssp --disable-libgomp --disable-libstdcxx-pch --enable-libstdcxx-time --enable-libstdcxx-filesystem-ts --target=aarch64-none-elf --with-newlib=yes --with-headers=../../newlib-4.4.0.20231231/newlib/libc/include --prefix=/home/davem/projects/devkitpro/tool-packages/devkitA64/src/build/x86_64-linux-gnu/devkitA64 --enable-lto --disable-tm-clone-registry --disable-__cxa_atexit --with-bugurl=https://github.com/devkitPro/buildscripts/issues --with-pkgversion='devkitA64 release 27' --build=x86_64-unknown-linux-gnu --host=x86_64-unknown-linux-gnu --with-gmp= --with-mpfr= --with-mpc= --with-isl= --with-zstd= --with-gmp=/opt/devkitpro/crosstools/x86_64-linux-gnu --with-mpfr=/opt/devkitpro/crosstools/x86_64-linux-gnu --with-mpc=/opt/devkitpro/crosstools/x86_64-linux-gnu --with-isl=/opt/devkitpro/crosstools/x86_64-linux-gnu --with-zstd=/opt/devkitpro/crosstools/x86_64-linux-gnu
Thread model: posix
Supported LTO compression algorithms: zlib zstd
gcc version 14.2.0 (devkitA64 release 27) 
COMPILER_PATH=/opt/devkitpro/devkitA64/bin/../libexec/gcc/aarch64-none-elf/14.2.0/:/opt/devkitpro/devkitA64/bin/../libexec/gcc/:/opt/devkitpro/devkitA64/bin/../lib/gcc/aarch64-none-elf/14.2.0/../../../../aarch64-none-elf/bin/
LIBRARY_PATH=/opt/devkitpro/devkitA64/bin/../lib/gcc/aarch64-none-elf/14.2.0/pic/:/opt/devkitpro/devkitA64/bin/../lib/gcc/aarch64-none-elf/14.2.0/../../../../aarch64-none-elf/lib/pic/:/opt/devkitpro/devkitA64/bin/../lib/gcc/aarch64-none-elf/14.2.0/:/opt/devkitpro/devkitA64/bin/../lib/gcc/:/opt/devkitpro/devkitA64/bin/../lib/gcc/aarch64-none-elf/14.2.0/../../../../aarch64-none-elf/lib/
COLLECT_GCC_OPTIONS='-mtp=soft' '-ftls-model=local-exec' '-ffunction-sections' '-fdata-sections' '-D' '__SWITCH__' '-g' '-O2' '-D' 'NDEBUG' '-march=armv8-a+crc+crypto' '-mtune=cortex-a57' '-mtp=soft' '-ftls-model=local-exec' '-L/opt/devkitpro/libnx/lib' '-L/opt/devkitpro/portlibs/switch/lib' '-fPIE' '-specs=/opt/devkitpro/libnx/switch.specs' '-v' '-o' 'cmTC_5ab3e.elf' '-mlittle-endian' '-mabi=lp64' '-dumpdir' 'cmTC_5ab3e.elf.'
 /opt/devkitpro/devkitA64/bin/../libexec/gcc/aarch64-none-elf/14.2.0/collect2 -plugin /opt/devkitpro/devkitA64/bin/../libexec/gcc/aarch64-none-elf/14.2.0/liblto_plugin.so -plugin-opt=/opt/devkitpro/devkitA64/bin/../libexec/gcc/aarch64-none-elf/14.2.0/lto-wrapper -plugin-opt=-fresolution=/tmp/ccZJETsQ.res -plugin-opt=-pass-through=-lgcc -plugin-opt=-pass-through=-lg -plugin-opt=-pass-through=-lc -plugin-opt=-pass-through=-lsysbase -EL -X -maarch64elf -T /opt/devkitpro/libnx/switch.ld -pie --no-dynamic-linker --spare-dynamic-tags=0 --gc-sections -z text -z now -z nodynamic-undefined-weak -z pack-relative-relocs --build-id=sha1 --nx-module-name -o cmTC_5ab3e.elf /opt/devkitpro/devkitA64/bin/../lib/gcc/aarch64-none-elf/14.2.0/pic/crti.o /opt/devkitpro/devkitA64/bin/../lib/gcc/aarch64-none-elf/14.2.0/pic/crtbegin.o --require-defined=main -L/opt/devkitpro/libnx/lib -L/opt/devkitpro/portlibs/switch/lib -L/opt/devkitpro/devkitA64/bin/../lib/gcc/aarch64-none-elf/14.2.0/pic -L/opt/devkitpro/devkitA64/bin/../lib/gcc/aarch64-none-elf/14.2.0/../../../../aarch64-none-elf/lib/pic -L/opt/devkitpro/devkitA64/bin/../lib/gcc/aarch64-none-elf/14.2.0 -L/opt/devkitpro/devkitA64/bin/../lib/gcc -L/opt/devkitpro/devkitA64/bin/../lib/gcc/aarch64-none-elf/14.2.0/../../../../aarch64-none-elf/lib CMakeFiles/cmTC_5ab3e.dir/CMakeCXXCompilerABI.o -lnx -lstdc++ -lm --start-group -lgcc -lg -lc -lsysbase --end-group /opt/devkitpro/devkitA64/bin/../lib/gcc/aarch64-none-elf/14.2.0/pic/crtend.o /opt/devkitpro/devkitA64/bin/../lib/gcc/aarch64-none-elf/14.2.0/pic/crtn.o
COLLECT_GCC_OPTIONS='-mtp=soft' '-ftls-model=local-exec' '-ffunction-sections' '-fdata-sections' '-D' '__SWITCH__' '-g' '-O2' '-D' 'NDEBUG' '-march=armv8-a+crc+crypto' '-mtune=cortex-a57' '-mtp=soft' '-ftls-model=local-exec' '-L/opt/devkitpro/libnx/lib' '-L/opt/devkitpro/portlibs/switch/lib' '-fPIE' '-specs=/opt/devkitpro/libnx/switch.specs' '-v' '-o' 'cmTC_5ab3e.elf' '-mlittle-endian' '-mabi=lp64' '-dumpdir' 'cmTC_5ab3e.elf.'
gmake[1]: Leaving directory '/home/ev/ClangProjects/vita2hos_/CMakeFiles/CMakeTmp'



Parsed CXX implicit include dir info from above output: rv=done
  found start of include info
  found start of implicit include info
    add: [/opt/devkitpro/libnx/include]
    add: [/opt/devkitpro/devkitA64/bin/../lib/gcc/aarch64-none-elf/14.2.0/../../../../aarch64-none-elf/include/c++/14.2.0]
    add: [/opt/devkitpro/devkitA64/bin/../lib/gcc/aarch64-none-elf/14.2.0/../../../../aarch64-none-elf/include/c++/14.2.0/aarch64-none-elf/pic]
    add: [/opt/devkitpro/devkitA64/bin/../lib/gcc/aarch64-none-elf/14.2.0/../../../../aarch64-none-elf/include/c++/14.2.0/backward]
    add: [/opt/devkitpro/devkitA64/bin/../lib/gcc/aarch64-none-elf/14.2.0/include]
    add: [/opt/devkitpro/devkitA64/bin/../lib/gcc/aarch64-none-elf/14.2.0/include-fixed]
    add: [/opt/devkitpro/devkitA64/bin/../lib/gcc/aarch64-none-elf/14.2.0/../../../../aarch64-none-elf/include]
  end of search list found
  collapse include dir [/opt/devkitpro/libnx/include] ==> [/opt/devkitpro/libnx/include]
  collapse include dir [/opt/devkitpro/devkitA64/bin/../lib/gcc/aarch64-none-elf/14.2.0/../../../../aarch64-none-elf/include/c++/14.2.0] ==> [/opt/devkitpro/devkitA64/aarch64-none-elf/include/c++/14.2.0]
  collapse include dir [/opt/devkitpro/devkitA64/bin/../lib/gcc/aarch64-none-elf/14.2.0/../../../../aarch64-none-elf/include/c++/14.2.0/aarch64-none-elf/pic] ==> [/opt/devkitpro/devkitA64/aarch64-none-elf/include/c++/14.2.0/aarch64-none-elf/pic]
  collapse include dir [/opt/devkitpro/devkitA64/bin/../lib/gcc/aarch64-none-elf/14.2.0/../../../../aarch64-none-elf/include/c++/14.2.0/backward] ==> [/opt/devkitpro/devkitA64/aarch64-none-elf/include/c++/14.2.0/backward]
  collapse include dir [/opt/devkitpro/devkitA64/bin/../lib/gcc/aarch64-none-elf/14.2.0/include] ==> [/opt/devkitpro/devkitA64/lib/gcc/aarch64-none-elf/14.2.0/include]
  collapse include dir [/opt/devkitpro/devkitA64/bin/../lib/gcc/aarch64-none-elf/14.2.0/include-fixed] ==> [/opt/devkitpro/devkitA64/lib/gcc/aarch64-none-elf/14.2.0/include-fixed]
  collapse include dir [/opt/devkitpro/devkitA64/bin/../lib/gcc/aarch64-none-elf/14.2.0/../../../../aarch64-none-elf/include] ==> [/opt/devkitpro/devkitA64/aarch64-none-elf/include]
  implicit include dirs: [/opt/devkitpro/libnx/include;/opt/devkitpro/devkitA64/aarch64-none-elf/include/c++/14.2.0;/opt/devkitpro/devkitA64/aarch64-none-elf/include/c++/14.2.0/aarch64-none-elf/pic;/opt/devkitpro/devkitA64/aarch64-none-elf/include/c++/14.2.0/backward;/opt/devkitpro/devkitA64/lib/gcc/aarch64-none-elf/14.2.0/include;/opt/devkitpro/devkitA64/lib/gcc/aarch64-none-elf/14.2.0/include-fixed;/opt/devkitpro/devkitA64/aarch64-none-elf/include]


Parsed CXX implicit link information from above output:
  link line regex: [^( *|.*[/\])(aarch64-none-elf-ld|CMAKE_LINK_STARTFILE-NOTFOUND|([^/\]+-)?ld|collect2)[^/\]*( |$)]
  ignore line: [Change Dir: /home/ev/ClangProjects/vita2hos_/CMakeFiles/CMakeTmp]
  ignore line: []
  ignore line: [Run Build Command(s):/usr/bin/gmake -f Makefile cmTC_5ab3e/fast && /usr/bin/gmake  -f CMakeFiles/cmTC_5ab3e.dir/build.make CMakeFiles/cmTC_5ab3e.dir/build]
  ignore line: [gmake[1]: Entering directory '/home/ev/ClangProjects/vita2hos_/CMakeFiles/CMakeTmp']
  ignore line: [Building CXX object CMakeFiles/cmTC_5ab3e.dir/CMakeCXXCompilerABI.o]
  ignore line: [/opt/devkitpro/devkitA64/bin/aarch64-none-elf-g++  -isystem /opt/devkitpro/libnx/include -march=armv8-a+crc+crypto -mtune=cortex-a57 -mtp=soft -ftls-model=local-exec -ffunction-sections -fdata-sections -D__SWITCH__  -g -O2 -DNDEBUG -fPIE   -v -o CMakeFiles/cmTC_5ab3e.dir/CMakeCXXCompilerABI.o -c /usr/share/cmake-3.22/Modules/CMakeCXXCompilerABI.cpp]
  ignore line: [Using built-in specs.]
  ignore line: [COLLECT_GCC=/opt/devkitpro/devkitA64/bin/aarch64-none-elf-g++]
  ignore line: [Target: aarch64-none-elf]
  ignore line: [Configured with: ../../gcc-14.2.0/configure --enable-languages=c,c++,objc,lto --with-gnu-as --with-gnu-ld --with-gcc --with-march=armv8 --enable-cxx-flags=-ffunction-sections --disable-libstdcxx-verbose --enable-poison-system-directories --enable-multilib --enable-threads --disable-win32-registry --disable-nls --disable-debug --disable-libmudflap --disable-libssp --disable-libgomp --disable-libstdcxx-pch --enable-libstdcxx-time --enable-libstdcxx-filesystem-ts --target=aarch64-none-elf --with-newlib=yes --with-headers=../../newlib-4.4.0.20231231/newlib/libc/include --prefix=/home/davem/projects/devkitpro/tool-packages/devkitA64/src/build/x86_64-linux-gnu/devkitA64 --enable-lto --disable-tm-clone-registry --disable-__cxa_atexit --with-bugurl=https://github.com/devkitPro/buildscripts/issues --with-pkgversion='devkitA64 release 27' --build=x86_64-unknown-linux-gnu --host=x86_64-unknown-linux-gnu --with-gmp= --with-mpfr= --with-mpc= --with-isl= --with-zstd= --with-gmp=/opt/devkitpro/crosstools/x86_64-linux-gnu --with-mpfr=/opt/devkitpro/crosstools/x86_64-linux-gnu --with-mpc=/opt/devkitpro/crosstools/x86_64-linux-gnu --with-isl=/opt/devkitpro/crosstools/x86_64-linux-gnu --with-zstd=/opt/devkitpro/crosstools/x86_64-linux-gnu]
  ignore line: [Thread model: posix]
  ignore line: [Supported LTO compression algorithms: zlib zstd]
  ignore line: [gcc version 14.2.0 (devkitA64 release 27) ]
  ignore line: [COLLECT_GCC_OPTIONS='-isystem' '/opt/devkitpro/libnx/include' '-march=armv8-a+crc+crypto' '-mtune=cortex-a57' '-mtp=soft' '-ftls-model=local-exec' '-ffunction-sections' '-fdata-sections' '-D' '__SWITCH__' '-g' '-O2' '-D' 'NDEBUG' '-fPIE' '-v' '-o' 'CMakeFiles/cmTC_5ab3e.dir/CMakeCXXCompilerABI.o' '-c' '-mlittle-endian' '-mabi=lp64' '-dumpdir' 'CMakeFiles/cmTC_5ab3e.dir/']
  ignore line: [ /opt/devkitpro/devkitA64/bin/../libexec/gcc/aarch64-none-elf/14.2.0/cc1plus -quiet -v -imultilib pic -iprefix /opt/devkitpro/devkitA64/bin/../lib/gcc/aarch64-none-elf/14.2.0/ -D __SWITCH__ -D NDEBUG -isystem /opt/devkitpro/libnx/include /usr/share/cmake-3.22/Modules/CMakeCXXCompilerABI.cpp -quiet -dumpdir CMakeFiles/cmTC_5ab3e.dir/ -dumpbase CMakeCXXCompilerABI.cpp -dumpbase-ext .cpp -march=armv8-a+crc+crypto -mtune=cortex-a57 -mtp=soft -mlittle-endian -mabi=lp64 -g -O2 -version -ftls-model=local-exec -ffunction-sections -fdata-sections -fPIE -o /tmp/ccuHKeHR.s]
  ignore line: [GNU C++17 (devkitA64 release 27) version 14.2.0 (aarch64-none-elf)]
  ignore line: [	compiled by GNU C version 10.2.1 20210110  GMP version 6.2.1  MPFR version 4.1.0  MPC version 1.2.1  isl version isl-0.18-GMP]
  ignore line: []
  ignore line: [GGC heuristics: --param ggc-min-expand=100 --param ggc-min-heapsize=131072]
  ignore line: [ignoring nonexistent directory "/opt/devkitpro/devkitA64/bin/../lib/gcc/aarch64-none-elf/14.2.0/../../../../aarch64-none-elf/sys-include"]
  ignore line: [ignoring duplicate directory "/opt/devkitpro/devkitA64/bin/../lib/gcc/../../lib/gcc/aarch64-none-elf/14.2.0/../../../../aarch64-none-elf/include/c++/14.2.0"]
  ignore line: [ignoring duplicate directory "/opt/devkitpro/devkitA64/bin/../lib/gcc/../../lib/gcc/aarch64-none-elf/14.2.0/../../../../aarch64-none-elf/include/c++/14.2.0/aarch64-none-elf/pic"]
  ignore line: [ignoring duplicate directory "/opt/devkitpro/devkitA64/bin/../lib/gcc/../../lib/gcc/aarch64-none-elf/14.2.0/../../../../aarch64-none-elf/include/c++/14.2.0/backward"]
  ignore line: [ignoring duplicate directory "/opt/devkitpro/devkitA64/bin/../lib/gcc/../../lib/gcc/aarch64-none-elf/14.2.0/include"]
  ignore line: [ignoring duplicate directory "/opt/devkitpro/devkitA64/bin/../lib/gcc/../../lib/gcc/aarch64-none-elf/14.2.0/include-fixed"]
  ignore line: [ignoring nonexistent directory "/opt/devkitpro/devkitA64/bin/../lib/gcc/../../lib/gcc/aarch64-none-elf/14.2.0/../../../../aarch64-none-elf/sys-include"]
  ignore line: [ignoring duplicate directory "/opt/devkitpro/devkitA64/bin/../lib/gcc/../../lib/gcc/aarch64-none-elf/14.2.0/../../../../aarch64-none-elf/include"]
  ignore line: [#include "..." search starts here:]
  ignore line: [#include <...> search starts here:]
  ignore line: [ /opt/devkitpro/libnx/include]
  ignore line: [ /opt/devkitpro/devkitA64/bin/../lib/gcc/aarch64-none-elf/14.2.0/../../../../aarch64-none-elf/include/c++/14.2.0]
  ignore line: [ /opt/devkitpro/devkitA64/bin/../lib/gcc/aarch64-none-elf/14.2.0/../../../../aarch64-none-elf/include/c++/14.2.0/aarch64-none-elf/pic]
  ignore line: [ /opt/devkitpro/devkitA64/bin/../lib/gcc/aarch64-none-elf/14.2.0/../../../../aarch64-none-elf/include/c++/14.2.0/backward]
  ignore line: [ /opt/devkitpro/devkitA64/bin/../lib/gcc/aarch64-none-elf/14.2.0/include]
  ignore line: [ /opt/devkitpro/devkitA64/bin/../lib/gcc/aarch64-none-elf/14.2.0/include-fixed]
  ignore line: [ /opt/devkitpro/devkitA64/bin/../lib/gcc/aarch64-none-elf/14.2.0/../../../../aarch64-none-elf/include]
  ignore line: [End of search list.]
  ignore line: [Compiler executable checksum: 1e409709d5ab0051af54634114dbd999]
  ignore line: [COLLECT_GCC_OPTIONS='-isystem' '/opt/devkitpro/libnx/include' '-march=armv8-a+crc+crypto' '-mtune=cortex-a57' '-mtp=soft' '-ftls-model=local-exec' '-ffunction-sections' '-fdata-sections' '-D' '__SWITCH__' '-g' '-O2' '-D' 'NDEBUG' '-fPIE' '-v' '-o' 'CMakeFiles/cmTC_5ab3e.dir/CMakeCXXCompilerABI.o' '-c' '-mlittle-endian' '-mabi=lp64' '-dumpdir' 'CMakeFiles/cmTC_5ab3e.dir/']
  ignore line: [ /opt/devkitpro/devkitA64/bin/../lib/gcc/aarch64-none-elf/14.2.0/../../../../aarch64-none-elf/bin/as -v --gdwarf-5 -EL -march=armv8-a+crc+crypto -mabi=lp64 -o CMakeFiles/cmTC_5ab3e.dir/CMakeCXXCompilerABI.o /tmp/ccuHKeHR.s]
  ignore line: [GNU assembler version 2.43.1 (aarch64-none-elf) using BFD version (GNU Binutils) 2.43.1]
  ignore line: [COMPILER_PATH=/opt/devkitpro/devkitA64/bin/../libexec/gcc/aarch64-none-elf/14.2.0/:/opt/devkitpro/devkitA64/bin/../libexec/gcc/:/opt/devkitpro/devkitA64/bin/../lib/gcc/aarch64-none-elf/14.2.0/../../../../aarch64-none-elf/bin/]
  ignore line: [LIBRARY_PATH=/opt/devkitpro/devkitA64/bin/../lib/gcc/aarch64-none-elf/14.2.0/pic/:/opt/devkitpro/devkitA64/bin/../lib/gcc/aarch64-none-elf/14.2.0/../../../../aarch64-none-elf/lib/pic/:/opt/devkitpro/devkitA64/bin/../lib/gcc/aarch64-none-elf/14.2.0/:/opt/devkitpro/devkitA64/bin/../lib/gcc/:/opt/devkitpro/devkitA64/bin/../lib/gcc/aarch64-none-elf/14.2.0/../../../../aarch64-none-elf/lib/]
  ignore line: [COLLECT_GCC_OPTIONS='-isystem' '/opt/devkitpro/libnx/include' '-march=armv8-a+crc+crypto' '-mtune=cortex-a57' '-mtp=soft' '-ftls-model=local-exec' '-ffunction-sections' '-fdata-sections' '-D' '__SWITCH__' '-g' '-O2' '-D' 'NDEBUG' '-fPIE' '-v' '-o' 'CMakeFiles/cmTC_5ab3e.dir/CMakeCXXCompilerABI.o' '-c' '-mlittle-endian' '-mabi=lp64' '-dumpdir' 'CMakeFiles/cmTC_5ab3e.dir/CMakeCXXCompilerABI.']
  ignore line: [Linking CXX executable cmTC_5ab3e.elf]
  ignore line: [/usr/bin/cmake -E cmake_link_script CMakeFiles/cmTC_5ab3e.dir/link.txt --verbose=1]
  ignore line: [/opt/devkitpro/devkitA64/bin/aarch64-none-elf-g++ -march=armv8-a+crc+crypto -mtune=cortex-a57 -mtp=soft -ftls-model=local-exec -ffunction-sections -fdata-sections -D__SWITCH__  -g -O2 -DNDEBUG -march=armv8-a+crc+crypto -mtune=cortex-a57 -mtp=soft -ftls-model=local-exec -L/opt/devkitpro/libnx/lib -L/opt/devkitpro/portlibs/switch/lib -fPIE -specs=/opt/devkitpro/libnx/switch.specs -v CMakeFiles/cmTC_5ab3e.dir/CMakeCXXCompilerABI.o -o cmTC_5ab3e.elf  -lnx -lm ]
  ignore line: [Using built-in specs.]
  ignore line: [Reading specs from /opt/devkitpro/libnx/switch.specs]
  ignore line: [COLLECT_GCC=/opt/devkitpro/devkitA64/bin/aarch64-none-elf-g++]
  ignore line: [COLLECT_LTO_WRAPPER=/opt/devkitpro/devkitA64/bin/../libexec/gcc/aarch64-none-elf/14.2.0/lto-wrapper]
  ignore line: [Target: aarch64-none-elf]
  ignore line: [Configured with: ../../gcc-14.2.0/configure --enable-languages=c,c++,objc,lto --with-gnu-as --with-gnu-ld --with-gcc --with-march=armv8 --enable-cxx-flags=-ffunction-sections --disable-libstdcxx-verbose --enable-poison-system-directories --enable-multilib --enable-threads --disable-win32-registry --disable-nls --disable-debug --disable-libmudflap --disable-libssp --disable-libgomp --disable-libstdcxx-pch --enable-libstdcxx-time --enable-libstdcxx-filesystem-ts --target=aarch64-none-elf --with-newlib=yes --with-headers=../../newlib-4.4.0.20231231/newlib/libc/include --prefix=/home/davem/projects/devkitpro/tool-packages/devkitA64/src/build/x86_64-linux-gnu/devkitA64 --enable-lto --disable-tm-clone-registry --disable-__cxa_atexit --with-bugurl=https://github.com/devkitPro/buildscripts/issues --with-pkgversion='devkitA64 release 27' --build=x86_64-unknown-linux-gnu --host=x86_64-unknown-linux-gnu --with-gmp= --with-mpfr= --with-mpc= --with-isl= --with-zstd= --with-gmp=/opt/devkitpro/crosstools/x86_64-linux-gnu --with-mpfr=/opt/devkitpro/crosstools/x86_64-linux-gnu --with-mpc=/opt/devkitpro/crosstools/x86_64-linux-gnu --with-isl=/opt/devkitpro/crosstools/x86_64-linux-gnu --with-zstd=/opt/devkitpro/crosstools/x86_64-linux-gnu]
  ignore line: [Thread model: posix]
  ignore line: [Supported LTO compression algorithms: zlib zstd]
  ignore line: [gcc version 14.2.0 (devkitA64 release 27) ]
  ignore line: [COMPILER_PATH=/opt/devkitpro/devkitA64/bin/../libexec/gcc/aarch64-none-elf/14.2.0/:/opt/devkitpro/devkitA64/bin/../libexec/gcc/:/opt/devkitpro/devkitA64/bin/../lib/gcc/aarch64-none-elf/14.2.0/../../../../aarch64-none-elf/bin/]
  ignore line: [LIBRARY_PATH=/opt/devkitpro/devkitA64/bin/../lib/gcc/aarch64-none-elf/14.2.0/pic/:/opt/devkitpro/devkitA64/bin/../lib/gcc/aarch64-none-elf/14.2.0/../../../../aarch64-none-elf/lib/pic/:/opt/devkitpro/devkitA64/bin/../lib/gcc/aarch64-none-elf/14.2.0/:/opt/devkitpro/devkitA64/bin/../lib/gcc/:/opt/devkitpro/devkitA64/bin/../lib/gcc/aarch64-none-elf/14.2.0/../../../../aarch64-none-elf/lib/]
  ignore line: [COLLECT_GCC_OPTIONS='-mtp=soft' '-ftls-model=local-exec' '-ffunction-sections' '-fdata-sections' '-D' '__SWITCH__' '-g' '-O2' '-D' 'NDEBUG' '-march=armv8-a+crc+crypto' '-mtune=cortex-a57' '-mtp=soft' '-ftls-model=local-exec' '-L/opt/devkitpro/libnx/lib' '-L/opt/devkitpro/portlibs/switch/lib' '-fPIE' '-specs=/opt/devkitpro/libnx/switch.specs' '-v' '-o' 'cmTC_5ab3e.elf' '-mlittle-endian' '-mabi=lp64' '-dumpdir' 'cmTC_5ab3e.elf.']
  link line: [ /opt/devkitpro/devkitA64/bin/../libexec/gcc/aarch64-none-elf/14.2.0/collect2 -plugin /opt/devkitpro/devkitA64/bin/../libexec/gcc/aarch64-none-elf/14.2.0/liblto_plugin.so -plugin-opt=/opt/devkitpro/devkitA64/bin/../libexec/gcc/aarch64-none-elf/14.2.0/lto-wrapper -plugin-opt=-fresolution=/tmp/ccZJETsQ.res -plugin-opt=-pass-through=-lgcc -plugin-opt=-pass-through=-lg -plugin-opt=-pass-through=-lc -plugin-opt=-pass-through=-lsysbase -EL -X -maarch64elf -T /opt/devkitpro/libnx/switch.ld -pie --no-dynamic-linker --spare-dynamic-tags=0 --gc-sections -z text -z now -z nodynamic-undefined-weak -z pack-relative-relocs --build-id=sha1 --nx-module-name -o cmTC_5ab3e.elf /opt/devkitpro/devkitA64/bin/../lib/gcc/aarch64-none-elf/14.2.0/pic/crti.o /opt/devkitpro/devkitA64/bin/../lib/gcc/aarch64-none-elf/14.2.0/pic/crtbegin.o --require-defined=main -L/opt/devkitpro/libnx/lib -L/opt/devkitpro/portlibs/switch/lib -L/opt/devkitpro/devkitA64/bin/../lib/gcc/aarch64-none-elf/14.2.0/pic -L/opt/devkitpro/devkitA64/bin/../lib/gcc/aarch64-none-elf/14.2.0/../../../../aarch64-none-elf/lib/pic -L/opt/devkitpro/devkitA64/bin/../lib/gcc/aarch64-none-elf/14.2.0 -L/opt/devkitpro/devkitA64/bin/../lib/gcc -L/opt/devkitpro/devkitA64/bin/../lib/gcc/aarch64-none-elf/14.2.0/../../../../aarch64-none-elf/lib CMakeFiles/cmTC_5ab3e.dir/CMakeCXXCompilerABI.o -lnx -lstdc++ -lm --start-group -lgcc -lg -lc -lsysbase --end-group /opt/devkitpro/devkitA64/bin/../lib/gcc/aarch64-none-elf/14.2.0/pic/crtend.o /opt/devkitpro/devkitA64/bin/../lib/gcc/aarch64-none-elf/14.2.0/pic/crtn.o]
    arg [/opt/devkitpro/devkitA64/bin/../libexec/gcc/aarch64-none-elf/14.2.0/collect2] ==> ignore
    arg [-plugin] ==> ignore
    arg [/opt/devkitpro/devkitA64/bin/../libexec/gcc/aarch64-none-elf/14.2.0/liblto_plugin.so] ==> ignore
    arg [-plugin-opt=/opt/devkitpro/devkitA64/bin/../libexec/gcc/aarch64-none-elf/14.2.0/lto-wrapper] ==> ignore
    arg [-plugin-opt=-fresolution=/tmp/ccZJETsQ.res] ==> ignore
    arg [-plugin-opt=-pass-through=-lgcc] ==> ignore
    arg [-plugin-opt=-pass-through=-lg] ==> ignore
    arg [-plugin-opt=-pass-through=-lc] ==> ignore
    arg [-plugin-opt=-pass-through=-lsysbase] ==> ignore
    arg [-EL] ==> ignore
    arg [-X] ==> ignore
    arg [-maarch64elf] ==> ignore
    arg [-T] ==> ignore
    arg [/opt/devkitpro/libnx/switch.ld] ==> ignore
    arg [-pie] ==> ignore
    arg [--no-dynamic-linker] ==> ignore
    arg [--spare-dynamic-tags=0] ==> ignore
    arg [--gc-sections] ==> ignore
    arg [-ztext] ==> ignore
    arg [-znow] ==> ignore
    arg [-znodynamic-undefined-weak] ==> ignore
    arg [-zpack-relative-relocs] ==> ignore
    arg [--build-id=sha1] ==> ignore
    arg [--nx-module-name] ==> ignore
    arg [-o] ==> ignore
    arg [cmTC_5ab3e.elf] ==> ignore
    arg [/opt/devkitpro/devkitA64/bin/../lib/gcc/aarch64-none-elf/14.2.0/pic/crti.o] ==> obj [/opt/devkitpro/devkitA64/bin/../lib/gcc/aarch64-none-elf/14.2.0/pic/crti.o]
    arg [/opt/devkitpro/devkitA64/bin/../lib/gcc/aarch64-none-elf/14.2.0/pic/crtbegin.o] ==> obj [/opt/devkitpro/devkitA64/bin/../lib/gcc/aarch64-none-elf/14.2.0/pic/crtbegin.o]
    arg [--require-defined=main] ==> ignore
    arg [-L/opt/devkitpro/libnx/lib] ==> dir [/opt/devkitpro/libnx/lib]
    arg [-L/opt/devkitpro/portlibs/switch/lib] ==> dir [/opt/devkitpro/portlibs/switch/lib]
    arg [-L/opt/devkitpro/devkitA64/bin/../lib/gcc/aarch64-none-elf/14.2.0/pic] ==> dir [/opt/devkitpro/devkitA64/bin/../lib/gcc/aarch64-none-elf/14.2.0/pic]
    arg [-L/opt/devkitpro/devkitA64/bin/../lib/gcc/aarch64-none-elf/14.2.0/../../../../aarch64-none-elf/lib/pic] ==> dir [/opt/devkitpro/devkitA64/bin/../lib/gcc/aarch64-none-elf/14.2.0/../../../../aarch64-none-elf/lib/pic]
    arg [-L/opt/devkitpro/devkitA64/bin/../lib/gcc/aarch64-none-elf/14.2.0] ==> dir [/opt/devkitpro/devkitA64/bin/../lib/gcc/aarch64-none-elf/14.2.0]
    arg [-L/opt/devkitpro/devkitA64/bin/../lib/gcc] ==> dir [/opt/devkitpro/devkitA64/bin/../lib/gcc]
    arg [-L/opt/devkitpro/devkitA64/bin/../lib/gcc/aarch64-none-elf/14.2.0/../../../../aarch64-none-elf/lib] ==> dir [/opt/devkitpro/devkitA64/bin/../lib/gcc/aarch64-none-elf/14.2.0/../../../../aarch64-none-elf/lib]
    arg [CMakeFiles/cmTC_5ab3e.dir/CMakeCXXCompilerABI.o] ==> ignore
    arg [-lnx] ==> lib [nx]
    arg [-lstdc++] ==> lib [stdc++]
    arg [-lm] ==> lib [m]
    arg [--start-group] ==> ignore
    arg [-lgcc] ==> lib [gcc]
    arg [-lg] ==> lib [g]
    arg [-lc] ==> lib [c]
    arg [-lsysbase] ==> lib [sysbase]
    arg [--end-group] ==> ignore
    arg [/opt/devkitpro/devkitA64/bin/../lib/gcc/aarch64-none-elf/14.2.0/pic/crtend.o] ==> obj [/opt/devkitpro/devkitA64/bin/../lib/gcc/aarch64-none-elf/14.2.0/pic/crtend.o]
    arg [/opt/devkitpro/devkitA64/bin/../lib/gcc/aarch64-none-elf/14.2.0/pic/crtn.o] ==> obj [/opt/devkitpro/devkitA64/bin/../lib/gcc/aarch64-none-elf/14.2.0/pic/crtn.o]
  collapse obj [/opt/devkitpro/devkitA64/bin/../lib/gcc/aarch64-none-elf/14.2.0/pic/crti.o] ==> [/opt/devkitpro/devkitA64/lib/gcc/aarch64-none-elf/14.2.0/pic/crti.o]
  collapse obj [/opt/devkitpro/devkitA64/bin/../lib/gcc/aarch64-none-elf/14.2.0/pic/crtbegin.o] ==> [/opt/devkitpro/devkitA64/lib/gcc/aarch64-none-elf/14.2.0/pic/crtbegin.o]
  collapse obj [/opt/devkitpro/devkitA64/bin/../lib/gcc/aarch64-none-elf/14.2.0/pic/crtend.o] ==> [/opt/devkitpro/devkitA64/lib/gcc/aarch64-none-elf/14.2.0/pic/crtend.o]
  collapse obj [/opt/devkitpro/devkitA64/bin/../lib/gcc/aarch64-none-elf/14.2.0/pic/crtn.o] ==> [/opt/devkitpro/devkitA64/lib/gcc/aarch64-none-elf/14.2.0/pic/crtn.o]
  collapse library dir [/opt/devkitpro/libnx/lib] ==> [/opt/devkitpro/libnx/lib]
  collapse library dir [/opt/devkitpro/portlibs/switch/lib] ==> [/opt/devkitpro/portlibs/switch/lib]
  collapse library dir [/opt/devkitpro/devkitA64/bin/../lib/gcc/aarch64-none-elf/14.2.0/pic] ==> [/opt/devkitpro/devkitA64/lib/gcc/aarch64-none-elf/14.2.0/pic]
  collapse library dir [/opt/devkitpro/devkitA64/bin/../lib/gcc/aarch64-none-elf/14.2.0/../../../../aarch64-none-elf/lib/pic] ==> [/opt/devkitpro/devkitA64/aarch64-none-elf/lib/pic]
  collapse library dir [/opt/devkitpro/devkitA64/bin/../lib/gcc/aarch64-none-elf/14.2.0] ==> [/opt/devkitpro/devkitA64/lib/gcc/aarch64-none-elf/14.2.0]
  collapse library dir [/opt/devkitpro/devkitA64/bin/../lib/gcc] ==> [/opt/devkitpro/devkitA64/lib/gcc]
  collapse library dir [/opt/devkitpro/devkitA64/bin/../lib/gcc/aarch64-none-elf/14.2.0/../../../../aarch64-none-elf/lib] ==> [/opt/devkitpro/devkitA64/aarch64-none-elf/lib]
  implicit libs: [nx;stdc++;m;gcc;g;c;sysbase]
  implicit objs: [/opt/devkitpro/devkitA64/lib/gcc/aarch64-none-elf/14.2.0/pic/crti.o;/opt/devkitpro/devkitA64/lib/gcc/aarch64-none-elf/14.2.0/pic/crtbegin.o;/opt/devkitpro/devkitA64/lib/gcc/aarch64-none-elf/14.2.0/pic/crtend.o;/opt/devkitpro/devkitA64/lib/gcc/aarch64-none-elf/14.2.0/pic/crtn.o]
  implicit dirs: [/opt/devkitpro/libnx/lib;/opt/devkitpro/portlibs/switch/lib;/opt/devkitpro/devkitA64/lib/gcc/aarch64-none-elf/14.2.0/pic;/opt/devkitpro/devkitA64/aarch64-none-elf/lib/pic;/opt/devkitpro/devkitA64/lib/gcc/aarch64-none-elf/14.2.0;/opt/devkitpro/devkitA64/lib/gcc;/opt/devkitpro/devkitA64/aarch64-none-elf/lib]
  implicit fwks: []


